<?xml version="1.0" encoding="UTF-8"?>
<!-- Generated by org.testng.reporters.JUnitXMLReporter -->
<testsuite ignored="0" hostname="DESKTOP-EFP5MBC" failures="2" tests="7" name="UT2_login page" time="0.077" errors="0" timestamp="2023-04-17T16:50:52 ICT">
  <testcase classname="test.Day1" name="Day1_f1" time="0.0">
    <failure type="org.testng.TestNGException" message="
Parameter &amp;apos;URL&amp;apos; is required by @Test on method Day1_f1 but has not been marked @Optional or defined
in E:\sourcecode\TestNGTutorial\testng2.xml">
      <![CDATA[org.testng.TestNGException: 
Parameter 'URL' is required by @Test on method Day1_f1 but has not been marked @Optional or defined
in E:\sourcecode\TestNGTutorial\testng2.xml
at java.base/java.util.ArrayList.forEach(ArrayList.java:1511)
... Removed 26 stack frames]]>
    </failure>
  </testcase> <!-- Day1_f1 -->
  <testcase classname="test.Day1" name="Day1_f2" time="0.002"/>
  <testcase classname="test.Day1" name="Day1_f4_web" time="0.005"/>
  <testcase classname="test.Day1" name="Day1_f3_mobile" time="0.001"/>
  <testcase classname="test.Day1" name="Day1_f5_Linux" time="0.0">
    <skipped/>
  </testcase> <!-- Day1_f5_Linux -->
  <testcase classname="test.Day2" name="Day2_f1" time="0.0">
    <failure type="org.testng.TestNGException" message="
Parameter &amp;apos;URL&amp;apos; is required by @Test on method Day2_f1 but has not been marked @Optional or defined
in E:\sourcecode\TestNGTutorial\testng2.xml">
      <![CDATA[org.testng.TestNGException: 
Parameter 'URL' is required by @Test on method Day2_f1 but has not been marked @Optional or defined
in E:\sourcecode\TestNGTutorial\testng2.xml
at java.base/java.util.ArrayList.forEach(ArrayList.java:1511)
... Removed 26 stack frames]]>
    </failure>
  </testcase> <!-- Day2_f1 -->
  <testcase classname="test.Day2" name="Day2_f2" time="0.001"/>
</testsuite> <!-- UT2_login page -->
